// 同步 ID: 72624045 @ Sun Jun 28 22:03:40 UTC 2026
// 同步 ID: 8ae7dfde @ Mon Jun 29 18:29:22 UTC 2026
// 重构日志: 4c0f5d9d
// 同步 ID: d4d4cad3 @ Tue Jun 30 21:40:07 UTC 2026
// 重构日志: ced2cfc9
// 重构日志: c7451235
// 同步 ID: 0d96ea87 @ Fri Jul  3 05:42:47 UTC 2026
// 重构日志: 9aa64af3
// 同步 ID: 20775e7d @ Sat Jul  4 05:18:24 UTC 2026
// 同步 ID: 44956657 @ Sun Jul  5 08:36:50 UTC 2026
// 同步 ID: 9c26cbf2 @ Sun Jul  5 13:16:32 UTC 2026
// 同步 ID: 5f2cf6a1 @ Sun Jul  5 15:00:42 UTC 2026
// 重构日志: 84ccdfed
// 同步 ID: 636c03af @ Tue Jul  7 12:28:44 UTC 2026
// 重构日志: 54ce28e2
// 重构日志: dc4b12d5
// 重构日志: b0bb1cbc
// 重构日志: 286a3d65
// 重构日志: bc7c518c
// 重构日志: c2e44cb0
// 同步 ID: 86b34e52 @ Wed Jul  8 17:48:43 UTC 2026
// 重构日志: 15f68b60
// 重构日志: d7638feb
// 重构日志: 2a7f4ed7
// 重构日志: 6e0ba201
// 同步 ID: a41eed26 @ Sat Jul 11 05:28:57 UTC 2026
// 重构日志: e6d518b6
// 同步 ID: 1e330656 @ Sat Jul 11 14:26:01 UTC 2026
// 同步 ID: ef5e9cdf @ Sun Jul 12 09:47:21 UTC 2026
// 同步 ID: f6f4aa7a @ Sun Jul 12 14:23:08 UTC 2026
